

================================================================
== Vitis HLS Report for 'Buffer_ADC'
================================================================
* Date:           Thu Dec  7 14:54:05 2023

* Version:        2023.2 (Build 4023990 on Oct 11 2023)
* Project:        Virtual_ADC
* Solution:       baseline (Vivado IP Flow Target)
* Product family: zynq
* Target device:  xc7z020-clg400-1


================================================================
== Performance Estimates
================================================================
+ Timing: 
    * Summary: 
    +--------+----------+----------+------------+
    |  Clock |  Target  | Estimated| Uncertainty|
    +--------+----------+----------+------------+
    |ap_clk  |  10.00 ns|  7.300 ns|     2.70 ns|
    +--------+----------+----------+------------+

+ Latency: 
    * Summary: 
    +---------+---------+-----------+----------+-----+-----+---------+
    |  Latency (cycles) |  Latency (absolute)  |  Interval | Pipeline|
    |   min   |   max   |    min    |    max   | min | max |   Type  |
    +---------+---------+-----------+----------+-----+-----+---------+
    |        2|       12|  20.000 ns|  0.120 us|    3|   13|       no|
    +---------+---------+-----------+----------+-----+-----+---------+

    + Detail: 
        * Instance: 
        N/A

        * Loop: 
        N/A



================================================================
== Utilization Estimates
================================================================
* Summary: 
+-----------------+---------+-----+--------+-------+-----+
|       Name      | BRAM_18K| DSP |   FF   |  LUT  | URAM|
+-----------------+---------+-----+--------+-------+-----+
|DSP              |        -|    -|       -|      -|    -|
|Expression       |        -|    -|       0|    457|    -|
|FIFO             |        -|    -|       -|      -|    -|
|Instance         |        8|    -|    1150|   1348|    -|
|Memory           |        -|    -|       -|      -|    -|
|Multiplexer      |        -|    -|       -|    201|    -|
|Register         |        -|    -|     501|      -|    -|
+-----------------+---------+-----+--------+-------+-----+
|Total            |        8|    0|    1651|   2006|    0|
+-----------------+---------+-----+--------+-------+-----+
|Available        |      280|  220|  106400|  53200|    0|
+-----------------+---------+-----+--------+-------+-----+
|Utilization (%)  |        2|    0|       1|      3|    0|
+-----------------+---------+-----+--------+-------+-----+

+ Detail: 
    * Instance: 
    +-----------------+---------------+---------+----+-----+-----+-----+
    |     Instance    |     Module    | BRAM_18K| DSP|  FF | LUT | URAM|
    +-----------------+---------------+---------+----+-----+-----+-----+
    |control_s_axi_U  |control_s_axi  |        0|   0|  266|  428|    0|
    |gmem_m_axi_U     |gmem_m_axi     |        8|   0|  884|  920|    0|
    +-----------------+---------------+---------+----+-----+-----+-----+
    |Total            |               |        8|   0| 1150| 1348|    0|
    +-----------------+---------------+---------+----+-----+-----+-----+

    * DSP: 
    N/A

    * Memory: 
    N/A

    * FIFO: 
    N/A

    * Expression: 
    +------------------------------------------+----------+----+---+----+------------+------------+
    |               Variable Name              | Operation| DSP| FF| LUT| Bitwidth P0| Bitwidth P1|
    +------------------------------------------+----------+----+---+----+------------+------------+
    |ADC_buffer_prod_addr_next_fu_387_p2       |         +|   0|  0|  13|          10|           1|
    |ADC_buffer_prod_addr_next_next_fu_393_p2  |         +|   0|  0|  13|          10|           2|
    |add_ln64_fu_460_p2                        |         +|   0|  0|  71|          64|          64|
    |add_ln66_fu_503_p2                        |         +|   0|  0|  39|          32|           1|
    |ADC_buffer_empty_error_1_fu_314_p2        |       and|   0|  0|   2|           1|           1|
    |and_ln43_fu_332_p2                        |       and|   0|  0|   2|           1|           1|
    |and_ln63_1_fu_443_p2                      |       and|   0|  0|   2|           1|           1|
    |and_ln63_fu_437_p2                        |       and|   0|  0|   2|           1|           1|
    |DDR_empty_fu_409_p2                       |      icmp|   0|  0|  39|          32|          32|
    |icmp_ln43_fu_290_p2                       |      icmp|   0|  0|  13|          10|          10|
    |icmp_ln46_1_fu_302_p2                     |      icmp|   0|  0|  13|          10|          10|
    |icmp_ln46_fu_296_p2                       |      icmp|   0|  0|  13|          10|          10|
    |icmp_ln50_fu_346_p2                       |      icmp|   0|  0|  39|          32|           1|
    |icmp_ln60_1_fu_404_p2                     |      icmp|   0|  0|  13|          10|          10|
    |icmp_ln60_fu_399_p2                       |      icmp|   0|  0|  13|          10|          10|
    |icmp_ln63_fu_364_p2                       |      icmp|   0|  0|  39|          32|           1|
    |icmp_ln66_fu_508_p2                       |      icmp|   0|  0|  39|          32|          32|
    |ADC_buffer_empty_error_2_fu_320_p2        |        or|   0|  0|   2|           1|           1|
    |ADC_buffer_empty_error_fu_308_p2          |        or|   0|  0|   2|           1|           1|
    |or_ln50_fu_352_p2                         |        or|   0|  0|   2|           1|           1|
    |or_ln63_1_fu_425_p2                       |        or|   0|  0|   2|           1|           1|
    |or_ln63_2_fu_420_p2                       |        or|   0|  0|   2|           1|           1|
    |or_ln63_fu_414_p2                         |        or|   0|  0|   2|           1|           1|
    |ADC_buffer_empty_error_3_fu_338_p3        |    select|   0|  0|   2|           1|           1|
    |select_ln50_1_fu_380_p3                   |    select|   0|  0|  32|           1|           1|
    |select_ln50_fu_374_p3                     |    select|   0|  0|  10|           1|           1|
    |select_ln66_fu_513_p3                     |    select|   0|  0|  32|           1|           1|
    |xor_ln40_fu_326_p2                        |       xor|   0|  0|   2|           2|           1|
    |xor_ln63_fu_431_p2                        |       xor|   0|  0|   2|           1|           2|
    +------------------------------------------+----------+----+---+----+------------+------------+
    |Total                                     |          |   0|  0| 457|         311|         201|
    +------------------------------------------+----------+----+---+----+------------+------------+

    * Multiplexer: 
    +----------------------------------------------------------+----+-----------+-----+-----------+
    |                           Name                           | LUT| Input Size| Bits| Total Bits|
    +----------------------------------------------------------+----+-----------+-----+-----------+
    |ADC_buffer_prod_addr_reg_flag_1_reg_230                   |   9|          2|    1|          2|
    |ADC_buffer_prod_addr_reg_new_1_reg_240                    |   9|          2|   10|         20|
    |ADC_mem_address1                                          |  14|          3|   11|         33|
    |ADC_mem_d1                                                |  14|          3|   32|         96|
    |DDR_cons_addr_reg_new_1_reg_251                           |   9|          2|   32|         64|
    |ap_NS_fsm                                                 |  65|         14|    1|         14|
    |ap_phi_mux_ADC_buffer_prod_addr_reg_flag_1_phi_fu_233_p4  |   9|          2|    1|          2|
    |ap_phi_mux_ADC_buffer_prod_addr_reg_new_1_phi_fu_244_p4   |   9|          2|   10|         20|
    |ap_phi_mux_DDR_cons_addr_reg_new_1_phi_fu_255_p4          |   9|          2|   32|         64|
    |ap_phi_mux_p_0_0_0185_phi_fu_265_p4                       |   9|          2|   10|         20|
    |ap_phi_mux_p_0_0_0186_phi_fu_275_p4                       |   9|          2|   32|         64|
    |gmem_blk_n_AR                                             |   9|          2|    1|          2|
    |gmem_blk_n_R                                              |   9|          2|    1|          2|
    |p_0_0_0185_reg_262                                        |   9|          2|   10|         20|
    |p_0_0_0186_reg_272                                        |   9|          2|   32|         64|
    +----------------------------------------------------------+----+-----------+-----+-----------+
    |Total                                                     | 201|         44|  216|        487|
    +----------------------------------------------------------+----+-----------+-----+-----------+

    * Register: 
    +-----------------------------------------+----+----+-----+-----------+
    |                   Name                  | FF | LUT| Bits| Const Bits|
    +-----------------------------------------+----+----+-----+-----------+
    |ADC_buffer_cons_addr_reg                 |  10|   0|   10|          0|
    |ADC_buffer_empty_error_3_reg_561         |   1|   0|    1|          0|
    |ADC_buffer_prod_addr_next_next_reg_596   |  10|   0|   10|          0|
    |ADC_buffer_prod_addr_next_reg_591        |  10|   0|   10|          0|
    |ADC_buffer_prod_addr_reg                 |  10|   0|   10|          0|
    |ADC_buffer_prod_addr_reg_flag_1_reg_230  |   1|   0|    1|          0|
    |ADC_buffer_prod_addr_reg_new_1_reg_240   |  10|   0|   10|          0|
    |DDR_Master_read_reg_543                  |  64|   0|   64|          0|
    |DDR_cons_addr_reg                        |  32|   0|   32|          0|
    |DDR_cons_addr_reg_new_1_reg_251          |  32|   0|   32|          0|
    |DDR_prod_addr_read_reg_548               |  32|   0|   32|          0|
    |DDR_size_read_reg_553                    |  32|   0|   32|          0|
    |and_ln63_1_reg_602                       |   1|   0|    1|          0|
    |ap_CS_fsm                                |  13|   0|   13|          0|
    |icmp_ln63_reg_574                        |   1|   0|    1|          0|
    |or_ln50_reg_567                          |   1|   0|    1|          0|
    |p_0_0_0185_reg_262                       |  10|   0|   10|          0|
    |p_0_0_0186_reg_272                       |  32|   0|   32|          0|
    |select_ln50_1_reg_585                    |  32|   0|   32|          0|
    |select_ln50_reg_579                      |  10|   0|   10|          0|
    |select_ln66_reg_627                      |  32|   0|   32|          0|
    |trunc_ln1_reg_622                        |  32|   0|   32|          0|
    |trunc_ln64_1_reg_606                     |  61|   0|   61|          0|
    |trunc_ln64_reg_617                       |  32|   0|   32|          0|
    +-----------------------------------------+----+----+-----+-----------+
    |Total                                    | 501|   0|  501|          0|
    +-----------------------------------------+----+----+-----+-----------+



================================================================
== Interface
================================================================
* Summary: 
+-----------------------+-----+-----+--------------+----------------------+--------------+
|       RTL Ports       | Dir | Bits|   Protocol   |     Source Object    |    C Type    |
+-----------------------+-----+-----+--------------+----------------------+--------------+
|s_axi_control_AWVALID  |   in|    1|         s_axi|               control|       pointer|
|s_axi_control_AWREADY  |  out|    1|         s_axi|               control|       pointer|
|s_axi_control_AWADDR   |   in|    7|         s_axi|               control|       pointer|
|s_axi_control_WVALID   |   in|    1|         s_axi|               control|       pointer|
|s_axi_control_WREADY   |  out|    1|         s_axi|               control|       pointer|
|s_axi_control_WDATA    |   in|   32|         s_axi|               control|       pointer|
|s_axi_control_WSTRB    |   in|    4|         s_axi|               control|       pointer|
|s_axi_control_ARVALID  |   in|    1|         s_axi|               control|       pointer|
|s_axi_control_ARREADY  |  out|    1|         s_axi|               control|       pointer|
|s_axi_control_ARADDR   |   in|    7|         s_axi|               control|       pointer|
|s_axi_control_RVALID   |  out|    1|         s_axi|               control|       pointer|
|s_axi_control_RREADY   |   in|    1|         s_axi|               control|       pointer|
|s_axi_control_RDATA    |  out|   32|         s_axi|               control|       pointer|
|s_axi_control_RRESP    |  out|    2|         s_axi|               control|       pointer|
|s_axi_control_BVALID   |  out|    1|         s_axi|               control|       pointer|
|s_axi_control_BREADY   |   in|    1|         s_axi|               control|       pointer|
|s_axi_control_BRESP    |  out|    2|         s_axi|               control|       pointer|
|ap_clk                 |   in|    1|  ap_ctrl_none|            Buffer_ADC|  return value|
|ap_rst_n               |   in|    1|  ap_ctrl_none|            Buffer_ADC|  return value|
|m_axi_gmem_AWVALID     |  out|    1|         m_axi|                  gmem|       pointer|
|m_axi_gmem_AWREADY     |   in|    1|         m_axi|                  gmem|       pointer|
|m_axi_gmem_AWADDR      |  out|   64|         m_axi|                  gmem|       pointer|
|m_axi_gmem_AWID        |  out|    1|         m_axi|                  gmem|       pointer|
|m_axi_gmem_AWLEN       |  out|    8|         m_axi|                  gmem|       pointer|
|m_axi_gmem_AWSIZE      |  out|    3|         m_axi|                  gmem|       pointer|
|m_axi_gmem_AWBURST     |  out|    2|         m_axi|                  gmem|       pointer|
|m_axi_gmem_AWLOCK      |  out|    2|         m_axi|                  gmem|       pointer|
|m_axi_gmem_AWCACHE     |  out|    4|         m_axi|                  gmem|       pointer|
|m_axi_gmem_AWPROT      |  out|    3|         m_axi|                  gmem|       pointer|
|m_axi_gmem_AWQOS       |  out|    4|         m_axi|                  gmem|       pointer|
|m_axi_gmem_AWREGION    |  out|    4|         m_axi|                  gmem|       pointer|
|m_axi_gmem_AWUSER      |  out|    1|         m_axi|                  gmem|       pointer|
|m_axi_gmem_WVALID      |  out|    1|         m_axi|                  gmem|       pointer|
|m_axi_gmem_WREADY      |   in|    1|         m_axi|                  gmem|       pointer|
|m_axi_gmem_WDATA       |  out|   64|         m_axi|                  gmem|       pointer|
|m_axi_gmem_WSTRB       |  out|    8|         m_axi|                  gmem|       pointer|
|m_axi_gmem_WLAST       |  out|    1|         m_axi|                  gmem|       pointer|
|m_axi_gmem_WID         |  out|    1|         m_axi|                  gmem|       pointer|
|m_axi_gmem_WUSER       |  out|    1|         m_axi|                  gmem|       pointer|
|m_axi_gmem_ARVALID     |  out|    1|         m_axi|                  gmem|       pointer|
|m_axi_gmem_ARREADY     |   in|    1|         m_axi|                  gmem|       pointer|
|m_axi_gmem_ARADDR      |  out|   64|         m_axi|                  gmem|       pointer|
|m_axi_gmem_ARID        |  out|    1|         m_axi|                  gmem|       pointer|
|m_axi_gmem_ARLEN       |  out|    8|         m_axi|                  gmem|       pointer|
|m_axi_gmem_ARSIZE      |  out|    3|         m_axi|                  gmem|       pointer|
|m_axi_gmem_ARBURST     |  out|    2|         m_axi|                  gmem|       pointer|
|m_axi_gmem_ARLOCK      |  out|    2|         m_axi|                  gmem|       pointer|
|m_axi_gmem_ARCACHE     |  out|    4|         m_axi|                  gmem|       pointer|
|m_axi_gmem_ARPROT      |  out|    3|         m_axi|                  gmem|       pointer|
|m_axi_gmem_ARQOS       |  out|    4|         m_axi|                  gmem|       pointer|
|m_axi_gmem_ARREGION    |  out|    4|         m_axi|                  gmem|       pointer|
|m_axi_gmem_ARUSER      |  out|    1|         m_axi|                  gmem|       pointer|
|m_axi_gmem_RVALID      |   in|    1|         m_axi|                  gmem|       pointer|
|m_axi_gmem_RREADY      |  out|    1|         m_axi|                  gmem|       pointer|
|m_axi_gmem_RDATA       |   in|   64|         m_axi|                  gmem|       pointer|
|m_axi_gmem_RLAST       |   in|    1|         m_axi|                  gmem|       pointer|
|m_axi_gmem_RID         |   in|    1|         m_axi|                  gmem|       pointer|
|m_axi_gmem_RUSER       |   in|    1|         m_axi|                  gmem|       pointer|
|m_axi_gmem_RRESP       |   in|    2|         m_axi|                  gmem|       pointer|
|m_axi_gmem_BVALID      |   in|    1|         m_axi|                  gmem|       pointer|
|m_axi_gmem_BREADY      |  out|    1|         m_axi|                  gmem|       pointer|
|m_axi_gmem_BRESP       |   in|    2|         m_axi|                  gmem|       pointer|
|m_axi_gmem_BID         |   in|    1|         m_axi|                  gmem|       pointer|
|m_axi_gmem_BUSER       |   in|    1|         m_axi|                  gmem|       pointer|
|ADC_mem_address1       |  out|   11|     ap_memory|               ADC_mem|         array|
|ADC_mem_ce1            |  out|    1|     ap_memory|               ADC_mem|         array|
|ADC_mem_we1            |  out|    1|     ap_memory|               ADC_mem|         array|
|ADC_mem_d1             |  out|   32|     ap_memory|               ADC_mem|         array|
|ADC_Ready              |   in|    1|       ap_none|             ADC_Ready|        scalar|
|ADC_buffer_cons_addr   |   in|   10|       ap_none|  ADC_buffer_cons_addr|        scalar|
|ADC_buffer_prod_addr   |  out|   10|       ap_none|  ADC_buffer_prod_addr|       pointer|
+-----------------------+-----+-----+--------------+----------------------+--------------+

